<?xml version="1.0" encoding="UTF-8"?>
<robot generator="Robot 6.1.1 (Python 3.10.12 on linux)" generated="20231119 09:49:43.842" rpa="false" schemaversion="4">
<suite id="s1" name="Tests" source="/home/hyxhyx/ohtu/ohtu_syksy23_palautus/viikko3/web-login/src/tests">
<suite id="s1-s1" name="Home" source="/home/hyxhyx/ohtu/ohtu_syksy23_palautus/viikko3/web-login/src/tests/home.robot">
<kw name="Open And Configure Browser" library="resource" type="SETUP">
<kw name="Evaluate" library="BuiltIn">
<var>${options}</var>
<arg>sys.modules['selenium.webdriver'].ChromeOptions()</arg>
<arg>sys</arg>
<doc>Evaluates the given expression in Python and returns the result.</doc>
<msg timestamp="20231119 09:49:43.944" level="INFO">${options} = &lt;selenium.webdriver.chrome.options.Options object at 0x7f74e85afd00&gt;</msg>
<status status="PASS" starttime="20231119 09:49:43.944" endtime="20231119 09:49:43.944"/>
</kw>
<kw name="Call Method" library="BuiltIn">
<arg>${options}</arg>
<arg>add_argument</arg>
<arg>--no-sandbox</arg>
<doc>Calls the named method of the given object with the provided arguments.</doc>
<status status="PASS" starttime="20231119 09:49:43.944" endtime="20231119 09:49:43.945"/>
</kw>
<kw name="Open Browser" library="SeleniumLibrary">
<arg>browser=chrome</arg>
<arg>options=${options}</arg>
<doc>Opens a new browser instance to the optional ``url``.</doc>
<msg timestamp="20231119 09:49:43.945" level="INFO">Opening browser 'chrome' to base url 'None'.</msg>
<status status="PASS" starttime="20231119 09:49:43.945" endtime="20231119 09:49:44.799"/>
</kw>
<kw name="Set Selenium Speed" library="SeleniumLibrary">
<arg>${DELAY}</arg>
<doc>Sets the delay that is waited after each Selenium command.</doc>
<status status="PASS" starttime="20231119 09:49:44.799" endtime="20231119 09:49:44.799"/>
</kw>
<status status="PASS" starttime="20231119 09:49:43.944" endtime="20231119 09:49:44.799"/>
</kw>
<test id="s1-s1-t1" name="Click Login Link" line="8">
<kw name="Go To Starting Page" library="resource" type="SETUP">
<kw name="Go To" library="SeleniumLibrary">
<arg>${HOME_URL}</arg>
<doc>Navigates the current browser window to the provided ``url``.</doc>
<msg timestamp="20231119 09:49:44.800" level="INFO">Opening url 'http://localhost:5001'</msg>
<status status="PASS" starttime="20231119 09:49:44.800" endtime="20231119 09:49:45.372"/>
</kw>
<status status="PASS" starttime="20231119 09:49:44.800" endtime="20231119 09:49:45.372"/>
</kw>
<kw name="Click Link" library="SeleniumLibrary">
<arg>Login</arg>
<doc>Clicks a link identified by ``locator``.</doc>
<msg timestamp="20231119 09:49:45.373" level="INFO">Clicking link 'Login'.</msg>
<status status="PASS" starttime="20231119 09:49:45.372" endtime="20231119 09:49:46.971"/>
</kw>
<kw name="Login Page Should Be Open" library="resource">
<kw name="Title Should Be" library="SeleniumLibrary">
<arg>Login</arg>
<doc>Verifies that the current page title equals ``title``.</doc>
<msg timestamp="20231119 09:49:47.482" level="INFO">Page title is 'Login'.</msg>
<status status="PASS" starttime="20231119 09:49:46.972" endtime="20231119 09:49:47.482"/>
</kw>
<status status="PASS" starttime="20231119 09:49:46.972" endtime="20231119 09:49:47.482"/>
</kw>
<status status="PASS" starttime="20231119 09:49:44.799" endtime="20231119 09:49:47.483"/>
</test>
<test id="s1-s1-t2" name="Click Register Link" line="12">
<kw name="Go To Starting Page" library="resource" type="SETUP">
<kw name="Go To" library="SeleniumLibrary">
<arg>${HOME_URL}</arg>
<doc>Navigates the current browser window to the provided ``url``.</doc>
<msg timestamp="20231119 09:49:47.485" level="INFO">Opening url 'http://localhost:5001'</msg>
<status status="PASS" starttime="20231119 09:49:47.484" endtime="20231119 09:49:48.011"/>
</kw>
<status status="PASS" starttime="20231119 09:49:47.484" endtime="20231119 09:49:48.011"/>
</kw>
<kw name="Click Link" library="SeleniumLibrary">
<arg>Register new user</arg>
<doc>Clicks a link identified by ``locator``.</doc>
<msg timestamp="20231119 09:49:48.011" level="INFO">Clicking link 'Register new user'.</msg>
<status status="PASS" starttime="20231119 09:49:48.011" endtime="20231119 09:49:49.568"/>
</kw>
<kw name="Register Page Should Be Open" library="resource">
<kw name="Go To" library="SeleniumLibrary">
<arg>${REGISTER_URL}</arg>
<doc>Navigates the current browser window to the provided ``url``.</doc>
<msg timestamp="20231119 09:49:49.569" level="INFO">Opening url 'http://localhost:5001/register'</msg>
<status status="PASS" starttime="20231119 09:49:49.569" endtime="20231119 09:49:50.089"/>
</kw>
<status status="PASS" starttime="20231119 09:49:49.568" endtime="20231119 09:49:50.090"/>
</kw>
<status status="PASS" starttime="20231119 09:49:47.483" endtime="20231119 09:49:50.090"/>
</test>
<kw name="Close Browser" library="SeleniumLibrary" type="TEARDOWN">
<doc>Closes the current browser.</doc>
<status status="PASS" starttime="20231119 09:49:50.091" endtime="20231119 09:49:50.651"/>
</kw>
<status status="PASS" starttime="20231119 09:49:43.853" endtime="20231119 09:49:50.651"/>
</suite>
<suite id="s1-s2" name="Login" source="/home/hyxhyx/ohtu/ohtu_syksy23_palautus/viikko3/web-login/src/tests/login.robot">
<kw name="Open And Configure Browser" library="resource" type="SETUP">
<kw name="Evaluate" library="BuiltIn">
<var>${options}</var>
<arg>sys.modules['selenium.webdriver'].ChromeOptions()</arg>
<arg>sys</arg>
<doc>Evaluates the given expression in Python and returns the result.</doc>
<msg timestamp="20231119 09:49:50.657" level="INFO">${options} = &lt;selenium.webdriver.chrome.options.Options object at 0x7f74e86294b0&gt;</msg>
<status status="PASS" starttime="20231119 09:49:50.657" endtime="20231119 09:49:50.657"/>
</kw>
<kw name="Call Method" library="BuiltIn">
<arg>${options}</arg>
<arg>add_argument</arg>
<arg>--no-sandbox</arg>
<doc>Calls the named method of the given object with the provided arguments.</doc>
<status status="PASS" starttime="20231119 09:49:50.657" endtime="20231119 09:49:50.658"/>
</kw>
<kw name="Open Browser" library="SeleniumLibrary">
<arg>browser=chrome</arg>
<arg>options=${options}</arg>
<doc>Opens a new browser instance to the optional ``url``.</doc>
<msg timestamp="20231119 09:49:50.658" level="INFO">Opening browser 'chrome' to base url 'None'.</msg>
<status status="PASS" starttime="20231119 09:49:50.658" endtime="20231119 09:49:51.513"/>
</kw>
<kw name="Set Selenium Speed" library="SeleniumLibrary">
<arg>${DELAY}</arg>
<doc>Sets the delay that is waited after each Selenium command.</doc>
<status status="PASS" starttime="20231119 09:49:51.513" endtime="20231119 09:49:51.513"/>
</kw>
<status status="PASS" starttime="20231119 09:49:50.657" endtime="20231119 09:49:51.513"/>
</kw>
<test id="s1-s2-t1" name="Login With Correct Credentials" line="8">
<kw name="Create User And Go To Login Page" type="SETUP">
<kw name="Create User" library="AppLibrary">
<arg>kalle</arg>
<arg>kalle123</arg>
<status status="PASS" starttime="20231119 09:49:51.514" endtime="20231119 09:49:51.520"/>
</kw>
<kw name="Go To Login Page" library="resource">
<kw name="Go To" library="SeleniumLibrary">
<arg>${LOGIN_URL}</arg>
<doc>Navigates the current browser window to the provided ``url``.</doc>
<msg timestamp="20231119 09:49:51.520" level="INFO">Opening url 'http://localhost:5001/login'</msg>
<status status="PASS" starttime="20231119 09:49:51.520" endtime="20231119 09:49:52.073"/>
</kw>
<status status="PASS" starttime="20231119 09:49:51.520" endtime="20231119 09:49:52.073"/>
</kw>
<kw name="Login Page Should Be Open" library="resource">
<kw name="Title Should Be" library="SeleniumLibrary">
<arg>Login</arg>
<doc>Verifies that the current page title equals ``title``.</doc>
<msg timestamp="20231119 09:49:52.586" level="INFO">Page title is 'Login'.</msg>
<status status="PASS" starttime="20231119 09:49:52.074" endtime="20231119 09:49:52.586"/>
</kw>
<status status="PASS" starttime="20231119 09:49:52.073" endtime="20231119 09:49:52.586"/>
</kw>
<status status="PASS" starttime="20231119 09:49:51.514" endtime="20231119 09:49:52.586"/>
</kw>
<kw name="Set Username">
<arg>kalle</arg>
<kw name="Input Text" library="SeleniumLibrary">
<arg>username</arg>
<arg>${username}</arg>
<doc>Types the given ``text`` into the text field identified by ``locator``.</doc>
<msg timestamp="20231119 09:49:52.588" level="INFO">Typing text 'kalle' into text field 'username'.</msg>
<status status="PASS" starttime="20231119 09:49:52.587" endtime="20231119 09:49:54.186"/>
</kw>
<status status="PASS" starttime="20231119 09:49:52.587" endtime="20231119 09:49:54.187"/>
</kw>
<kw name="Set Password">
<arg>kalle123</arg>
<kw name="Input Password" library="SeleniumLibrary">
<arg>password</arg>
<arg>${password}</arg>
<doc>Types the given password into the text field identified by ``locator``.</doc>
<msg timestamp="20231119 09:49:54.189" level="INFO">Typing password into text field 'password'.</msg>
<msg timestamp="20231119 09:49:55.238" level="INFO">Temporally setting log level to: NONE</msg>
<msg timestamp="20231119 09:49:55.778" level="INFO">Log level changed from NONE to INFO.</msg>
<status status="PASS" starttime="20231119 09:49:54.188" endtime="20231119 09:49:55.778"/>
</kw>
<status status="PASS" starttime="20231119 09:49:54.187" endtime="20231119 09:49:55.779"/>
</kw>
<kw name="Submit Credentials">
<kw name="Click Button" library="SeleniumLibrary">
<arg>Login</arg>
<doc>Clicks the button identified by ``locator``.</doc>
<msg timestamp="20231119 09:49:55.780" level="INFO">Clicking button 'Login'.</msg>
<status status="PASS" starttime="20231119 09:49:55.779" endtime="20231119 09:49:57.873"/>
</kw>
<status status="PASS" starttime="20231119 09:49:55.779" endtime="20231119 09:49:57.873"/>
</kw>
<kw name="Login Should Succeed">
<kw name="Main Page Should Be Open" library="resource">
<kw name="Title Should Be" library="SeleniumLibrary">
<arg>Ohtu Application main page</arg>
<doc>Verifies that the current page title equals ``title``.</doc>
<msg timestamp="20231119 09:49:58.383" level="INFO">Page title is 'Ohtu Application main page'.</msg>
<status status="PASS" starttime="20231119 09:49:57.874" endtime="20231119 09:49:58.383"/>
</kw>
<status status="PASS" starttime="20231119 09:49:57.874" endtime="20231119 09:49:58.383"/>
</kw>
<status status="PASS" starttime="20231119 09:49:57.873" endtime="20231119 09:49:58.383"/>
</kw>
<status status="PASS" starttime="20231119 09:49:51.513" endtime="20231119 09:49:58.384"/>
</test>
<test id="s1-s2-t2" name="Login With Incorrect Password" line="14">
<kw name="Create User And Go To Login Page" type="SETUP">
<kw name="Create User" library="AppLibrary">
<arg>kalle</arg>
<arg>kalle123</arg>
<status status="PASS" starttime="20231119 09:49:58.386" endtime="20231119 09:49:58.396"/>
</kw>
<kw name="Go To Login Page" library="resource">
<kw name="Go To" library="SeleniumLibrary">
<arg>${LOGIN_URL}</arg>
<doc>Navigates the current browser window to the provided ``url``.</doc>
<msg timestamp="20231119 09:49:58.397" level="INFO">Opening url 'http://localhost:5001/login'</msg>
<status status="PASS" starttime="20231119 09:49:58.396" endtime="20231119 09:49:58.914"/>
</kw>
<status status="PASS" starttime="20231119 09:49:58.396" endtime="20231119 09:49:58.915"/>
</kw>
<kw name="Login Page Should Be Open" library="resource">
<kw name="Title Should Be" library="SeleniumLibrary">
<arg>Login</arg>
<doc>Verifies that the current page title equals ``title``.</doc>
<msg timestamp="20231119 09:49:59.423" level="INFO">Page title is 'Login'.</msg>
<status status="PASS" starttime="20231119 09:49:58.915" endtime="20231119 09:49:59.424"/>
</kw>
<status status="PASS" starttime="20231119 09:49:58.915" endtime="20231119 09:49:59.424"/>
</kw>
<status status="PASS" starttime="20231119 09:49:58.385" endtime="20231119 09:49:59.424"/>
</kw>
<kw name="Set Username">
<arg>kalle</arg>
<kw name="Input Text" library="SeleniumLibrary">
<arg>username</arg>
<arg>${username}</arg>
<doc>Types the given ``text`` into the text field identified by ``locator``.</doc>
<msg timestamp="20231119 09:49:59.426" level="INFO">Typing text 'kalle' into text field 'username'.</msg>
<status status="PASS" starttime="20231119 09:49:59.425" endtime="20231119 09:50:00.990"/>
</kw>
<status status="PASS" starttime="20231119 09:49:59.424" endtime="20231119 09:50:00.990"/>
</kw>
<kw name="Set Password">
<arg>kalle456</arg>
<kw name="Input Password" library="SeleniumLibrary">
<arg>password</arg>
<arg>${password}</arg>
<doc>Types the given password into the text field identified by ``locator``.</doc>
<msg timestamp="20231119 09:50:00.991" level="INFO">Typing password into text field 'password'.</msg>
<msg timestamp="20231119 09:50:02.019" level="INFO">Temporally setting log level to: NONE</msg>
<msg timestamp="20231119 09:50:02.563" level="INFO">Log level changed from NONE to INFO.</msg>
<status status="PASS" starttime="20231119 09:50:00.990" endtime="20231119 09:50:02.563"/>
</kw>
<status status="PASS" starttime="20231119 09:50:00.990" endtime="20231119 09:50:02.563"/>
</kw>
<kw name="Submit Credentials">
<kw name="Click Button" library="SeleniumLibrary">
<arg>Login</arg>
<doc>Clicks the button identified by ``locator``.</doc>
<msg timestamp="20231119 09:50:02.565" level="INFO">Clicking button 'Login'.</msg>
<status status="PASS" starttime="20231119 09:50:02.564" endtime="20231119 09:50:04.639"/>
</kw>
<status status="PASS" starttime="20231119 09:50:02.563" endtime="20231119 09:50:04.639"/>
</kw>
<kw name="Login Should Fail With Message">
<arg>Invalid username or password</arg>
<kw name="Login Page Should Be Open" library="resource">
<kw name="Title Should Be" library="SeleniumLibrary">
<arg>Login</arg>
<doc>Verifies that the current page title equals ``title``.</doc>
<msg timestamp="20231119 09:50:05.146" level="INFO">Page title is 'Login'.</msg>
<status status="PASS" starttime="20231119 09:50:04.641" endtime="20231119 09:50:05.146"/>
</kw>
<status status="PASS" starttime="20231119 09:50:04.640" endtime="20231119 09:50:05.146"/>
</kw>
<kw name="Page Should Contain" library="SeleniumLibrary">
<arg>${message}</arg>
<doc>Verifies that current page contains ``text``.</doc>
<msg timestamp="20231119 09:50:06.161" level="INFO">Current page contains text 'Invalid username or password'.</msg>
<status status="PASS" starttime="20231119 09:50:05.147" endtime="20231119 09:50:06.161"/>
</kw>
<status status="PASS" starttime="20231119 09:50:04.640" endtime="20231119 09:50:06.162"/>
</kw>
<status status="PASS" starttime="20231119 09:49:58.384" endtime="20231119 09:50:06.162"/>
</test>
<test id="s1-s2-t3" name="Login With Nonexistent Username" line="20">
<kw name="Create User And Go To Login Page" type="SETUP">
<kw name="Create User" library="AppLibrary">
<arg>kalle</arg>
<arg>kalle123</arg>
<status status="PASS" starttime="20231119 09:50:06.164" endtime="20231119 09:50:06.176"/>
</kw>
<kw name="Go To Login Page" library="resource">
<kw name="Go To" library="SeleniumLibrary">
<arg>${LOGIN_URL}</arg>
<doc>Navigates the current browser window to the provided ``url``.</doc>
<msg timestamp="20231119 09:50:06.177" level="INFO">Opening url 'http://localhost:5001/login'</msg>
<status status="PASS" starttime="20231119 09:50:06.177" endtime="20231119 09:50:06.696"/>
</kw>
<status status="PASS" starttime="20231119 09:50:06.177" endtime="20231119 09:50:06.696"/>
</kw>
<kw name="Login Page Should Be Open" library="resource">
<kw name="Title Should Be" library="SeleniumLibrary">
<arg>Login</arg>
<doc>Verifies that the current page title equals ``title``.</doc>
<msg timestamp="20231119 09:50:07.203" level="INFO">Page title is 'Login'.</msg>
<status status="PASS" starttime="20231119 09:50:06.696" endtime="20231119 09:50:07.204"/>
</kw>
<status status="PASS" starttime="20231119 09:50:06.696" endtime="20231119 09:50:07.204"/>
</kw>
<status status="PASS" starttime="20231119 09:50:06.163" endtime="20231119 09:50:07.204"/>
</kw>
<kw name="Set Username">
<arg>nonexistent</arg>
<kw name="Input Text" library="SeleniumLibrary">
<arg>username</arg>
<arg>${username}</arg>
<doc>Types the given ``text`` into the text field identified by ``locator``.</doc>
<msg timestamp="20231119 09:50:07.206" level="INFO">Typing text 'nonexistent' into text field 'username'.</msg>
<status status="PASS" starttime="20231119 09:50:07.205" endtime="20231119 09:50:08.782"/>
</kw>
<status status="PASS" starttime="20231119 09:50:07.204" endtime="20231119 09:50:08.782"/>
</kw>
<kw name="Set Password">
<arg>nonono123</arg>
<kw name="Input Password" library="SeleniumLibrary">
<arg>password</arg>
<arg>${password}</arg>
<doc>Types the given password into the text field identified by ``locator``.</doc>
<msg timestamp="20231119 09:50:08.784" level="INFO">Typing password into text field 'password'.</msg>
<msg timestamp="20231119 09:50:09.829" level="INFO">Temporally setting log level to: NONE</msg>
<msg timestamp="20231119 09:50:10.368" level="INFO">Log level changed from NONE to INFO.</msg>
<status status="PASS" starttime="20231119 09:50:08.783" endtime="20231119 09:50:10.368"/>
</kw>
<status status="PASS" starttime="20231119 09:50:08.782" endtime="20231119 09:50:10.368"/>
</kw>
<kw name="Submit Credentials">
<kw name="Click Button" library="SeleniumLibrary">
<arg>Login</arg>
<doc>Clicks the button identified by ``locator``.</doc>
<msg timestamp="20231119 09:50:10.369" level="INFO">Clicking button 'Login'.</msg>
<status status="PASS" starttime="20231119 09:50:10.368" endtime="20231119 09:50:12.448"/>
</kw>
<status status="PASS" starttime="20231119 09:50:10.368" endtime="20231119 09:50:12.448"/>
</kw>
<kw name="Login Should Fail With Message">
<arg>Invalid username or password</arg>
<kw name="Login Page Should Be Open" library="resource">
<kw name="Title Should Be" library="SeleniumLibrary">
<arg>Login</arg>
<doc>Verifies that the current page title equals ``title``.</doc>
<msg timestamp="20231119 09:50:12.959" level="INFO">Page title is 'Login'.</msg>
<status status="PASS" starttime="20231119 09:50:12.450" endtime="20231119 09:50:12.959"/>
</kw>
<status status="PASS" starttime="20231119 09:50:12.449" endtime="20231119 09:50:12.959"/>
</kw>
<kw name="Page Should Contain" library="SeleniumLibrary">
<arg>${message}</arg>
<doc>Verifies that current page contains ``text``.</doc>
<msg timestamp="20231119 09:50:13.981" level="INFO">Current page contains text 'Invalid username or password'.</msg>
<status status="PASS" starttime="20231119 09:50:12.959" endtime="20231119 09:50:13.982"/>
</kw>
<status status="PASS" starttime="20231119 09:50:12.449" endtime="20231119 09:50:13.982"/>
</kw>
<status status="PASS" starttime="20231119 09:50:06.162" endtime="20231119 09:50:13.982"/>
</test>
<kw name="Close Browser" library="SeleniumLibrary" type="TEARDOWN">
<doc>Closes the current browser.</doc>
<status status="PASS" starttime="20231119 09:50:13.983" endtime="20231119 09:50:14.542"/>
</kw>
<status status="PASS" starttime="20231119 09:49:50.653" endtime="20231119 09:50:14.542"/>
</suite>
<status status="PASS" starttime="20231119 09:49:43.842" endtime="20231119 09:50:14.544"/>
</suite>
<statistics>
<total>
<stat pass="5" fail="0" skip="0">All Tests</stat>
</total>
<tag>
</tag>
<suite>
<stat pass="5" fail="0" skip="0" id="s1" name="Tests">Tests</stat>
<stat pass="2" fail="0" skip="0" id="s1-s1" name="Home">Tests.Home</stat>
<stat pass="3" fail="0" skip="0" id="s1-s2" name="Login">Tests.Login</stat>
</suite>
</statistics>
<errors>
</errors>
</robot>
